Removed Pin From Net: NetName=NetD1_1 Pin=K1-1
Removed Pin From Net: NetName=+5 Pin=K1-4
Removed Pin From Net: NetName=NetD3_1 Pin=K2-1
Removed Pin From Net: NetName=+5 Pin=K2-4
Removed Pin From Net: NetName=NetD5_1 Pin=K3-1
Removed Pin From Net: NetName=+5 Pin=K3-4
Removed Pin From Net: NetName=NetD7_1 Pin=K4-1
Removed Pin From Net: NetName=+5 Pin=K4-4
Removed Pin From Net: NetName=NetD11_1 Pin=K6-1
Removed Pin From Net: NetName=+5 Pin=K6-4
Removed Pin From Net: NetName=NetK1_3 Pin=P3-1
Removed Pin From Net: NetName=NetK1_2 Pin=P3-2
Removed Pin From Net: NetName=NetK2_3 Pin=P4-1
Removed Pin From Net: NetName=NetK2_2 Pin=P4-2
Removed Pin From Net: NetName=NetK3_3 Pin=P5-1
Removed Pin From Net: NetName=NetK3_2 Pin=P5-2
Removed Pin From Net: NetName=NetK4_3 Pin=P6-1
Removed Pin From Net: NetName=NetK4_2 Pin=P6-2
Removed Pin From Net: NetName=NetK6_3 Pin=P8-1
Removed Pin From Net: NetName=NetK6_2 Pin=P8-2
Change Component Footprint: Designator=K1 Old Footprint=G5NB1A4DC5 New Footprint=PNSC-LQ-4-2000x1000x1600_V
Change Component Footprint: Designator=K2 Old Footprint=G5NB1A4DC5 New Footprint=PNSC-LQ-4-2000x1000x1600_V
Change Component Footprint: Designator=K3 Old Footprint=G5NB1A4DC5 New Footprint=PNSC-LQ-4-2000x1000x1600_V
Change Component Footprint: Designator=K4 Old Footprint=G5NB1A4DC5 New Footprint=PNSC-LQ-4-2000x1000x1600_V
Change Component Footprint: Designator=K5 Old Footprint=G5NB1A4DC5 New Footprint=PNSC-LQ-4-2000x1000x1600_V
Change Component Footprint: Designator=K6 Old Footprint=G5NB1A4DC5 New Footprint=PNSC-LQ-4-2000x1000x1600_V
Change Component Comment : Designator=K1 Old Comment=G5NB-1A-E-DC5 New Comment=ALQ305
Change Component Comment : Designator=K2 Old Comment=G5NB-1A-E-DC5 New Comment=ALQ305
Change Component Comment : Designator=K3 Old Comment=G5NB-1A-E-DC5 New Comment=ALQ305
Change Component Comment : Designator=K4 Old Comment=G5NB-1A-E-DC5 New Comment=ALQ305
Change Component Comment : Designator=K5 Old Comment=G5NB-1A-E-DC5 New Comment=ALQ305
Change Component Comment : Designator=K6 Old Comment=G5NB-1A-E-DC5 New Comment=ALQ305
Change component parameters: Designator = "K1"; Footprint = "PNSC-LQ-4-2000x1000x1600_V"; UniqueID = "\FHEJSXQW\KJSYOAZV"
Change component parameters. Clean all parameters for all variants
Change component parameters (AddParameter): Name = "Coil Voltage"; Value = "5 V"; VariantName = "[No Variations]"
Change component parameters (AddParameter): Name = "ComponentLink1Description"; Value = "Manufacturer URL"; VariantName = "[No Variations]"
Change component parameters (AddParameter): Name = "ComponentLink1URL"; Value = "http://www3.panasonic.biz/ac/ae/index.jsp"; VariantName = "[No Variations]"
Change component parameters (AddParameter): Name = "ComponentLink2Description"; Value = "Datasheet"; VariantName = "[No Variations]"
Change component parameters (AddParameter): Name = "ComponentLink2URL"; Value = "http://www3.panasonic.biz/ac/e_download/control/relay/power/catalog/mech_eng_lq.pdf?f_cd=401220"; VariantName = "[No Variations]"
Change component parameters (AddParameter): Name = "ComponentLink3Description"; Value = "Package Specification"; VariantName = "[No Variations]"
Change component parameters (AddParameter): Name = "ComponentLink3URL"; Value = "http://www3.panasonic.biz/ac/e_download/control/relay/power/catalog/mech_eng_lq.pdf?f_cd=401220"; VariantName = "[No Variations]"
Change component parameters (AddParameter): Name = "DatasheetVersion"; Value = "201410-T"; VariantName = "[No Variations]"
Change component parameters (AddParameter): Name = "Electrical Life"; Value = "5x10^4"; VariantName = "[No Variations]"
Change component parameters (AddParameter): Name = "Manufacturer"; Value = "Panasonic"; VariantName = "[No Variations]"
Change component parameters (AddParameter): Name = "Max Switching Current"; Value = "10 A (N.O.), 3 A (N.C.)"; VariantName = "[No Variations]"
Change component parameters (AddParameter): Name = "Max Switching Voltage"; Value = "250 V AC"; VariantName = "[No Variations]"
Change component parameters (AddParameter): Name = "Mechanical Life(Min.operation)"; Value = "1x10^7"; VariantName = "[No Variations]"
Change component parameters (AddParameter): Name = "Mounting Technology"; Value = "Through Hole"; VariantName = "[No Variations]"
Change component parameters (AddParameter): Name = "Nominal Operating Power"; Value = "200 mW"; VariantName = "[No Variations]"
Change component parameters (AddParameter): Name = "PackageDescription"; Value = "4-Pin Through Hole Terminal Package, Body 20 x 10 mm"; VariantName = "[No Variations]"
Change component parameters (AddParameter): Name = "PackageReference"; Value = "LQ-4-2000x1000x1600"; VariantName = "[No Variations]"
Change component parameters (AddParameter): Name = "PackageVersion"; Value = "ASCTB92E, 10/2014"; VariantName = "[No Variations]"
Change component parameters (AddParameter): Name = "Packing"; Value = "Carton, Case"; VariantName = "[No Variations]"
Change component parameters (AddParameter): Name = "PartNumber"; Value = "ALQ305"; VariantName = "[No Variations]"
Change component parameters (AddParameter): Name = "Pb-Free"; Value = "True"; VariantName = "[No Variations]"
Change component parameters (AddParameter): Name = "RoHS"; Value = "True"; VariantName = "[No Variations]"
Change component parameters (AddParameter): Name = "Series"; Value = "LQ Relays"; VariantName = "[No Variations]"
Change component parameters: Designator = "K2"; Footprint = "PNSC-LQ-4-2000x1000x1600_V"; UniqueID = "\FHEJSXQW\DDKYJKJF"
Change component parameters. Clean all parameters for all variants
Change component parameters (AddParameter): Name = "Coil Voltage"; Value = "5 V"; VariantName = "[No Variations]"
Change component parameters (AddParameter): Name = "ComponentLink1Description"; Value = "Manufacturer URL"; VariantName = "[No Variations]"
Change component parameters (AddParameter): Name = "ComponentLink1URL"; Value = "http://www3.panasonic.biz/ac/ae/index.jsp"; VariantName = "[No Variations]"
Change component parameters (AddParameter): Name = "ComponentLink2Description"; Value = "Datasheet"; VariantName = "[No Variations]"
Change component parameters (AddParameter): Name = "ComponentLink2URL"; Value = "http://www3.panasonic.biz/ac/e_download/control/relay/power/catalog/mech_eng_lq.pdf?f_cd=401220"; VariantName = "[No Variations]"
Change component parameters (AddParameter): Name = "ComponentLink3Description"; Value = "Package Specification"; VariantName = "[No Variations]"
Change component parameters (AddParameter): Name = "ComponentLink3URL"; Value = "http://www3.panasonic.biz/ac/e_download/control/relay/power/catalog/mech_eng_lq.pdf?f_cd=401220"; VariantName = "[No Variations]"
Change component parameters (AddParameter): Name = "DatasheetVersion"; Value = "201410-T"; VariantName = "[No Variations]"
Change component parameters (AddParameter): Name = "Electrical Life"; Value = "5x10^4"; VariantName = "[No Variations]"
Change component parameters (AddParameter): Name = "Manufacturer"; Value = "Panasonic"; VariantName = "[No Variations]"
Change component parameters (AddParameter): Name = "Max Switching Current"; Value = "10 A (N.O.), 3 A (N.C.)"; VariantName = "[No Variations]"
Change component parameters (AddParameter): Name = "Max Switching Voltage"; Value = "250 V AC"; VariantName = "[No Variations]"
Change component parameters (AddParameter): Name = "Mechanical Life(Min.operation)"; Value = "1x10^7"; VariantName = "[No Variations]"
Change component parameters (AddParameter): Name = "Mounting Technology"; Value = "Through Hole"; VariantName = "[No Variations]"
Change component parameters (AddParameter): Name = "Nominal Operating Power"; Value = "200 mW"; VariantName = "[No Variations]"
Change component parameters (AddParameter): Name = "PackageDescription"; Value = "4-Pin Through Hole Terminal Package, Body 20 x 10 mm"; VariantName = "[No Variations]"
Change component parameters (AddParameter): Name = "PackageReference"; Value = "LQ-4-2000x1000x1600"; VariantName = "[No Variations]"
Change component parameters (AddParameter): Name = "PackageVersion"; Value = "ASCTB92E, 10/2014"; VariantName = "[No Variations]"
Change component parameters (AddParameter): Name = "Packing"; Value = "Carton, Case"; VariantName = "[No Variations]"
Change component parameters (AddParameter): Name = "PartNumber"; Value = "ALQ305"; VariantName = "[No Variations]"
Change component parameters (AddParameter): Name = "Pb-Free"; Value = "True"; VariantName = "[No Variations]"
Change component parameters (AddParameter): Name = "RoHS"; Value = "True"; VariantName = "[No Variations]"
Change component parameters (AddParameter): Name = "Series"; Value = "LQ Relays"; VariantName = "[No Variations]"
Change component parameters: Designator = "K3"; Footprint = "PNSC-LQ-4-2000x1000x1600_V"; UniqueID = "\FHEJSXQW\NMUESVNY"
Change component parameters. Clean all parameters for all variants
Change component parameters (AddParameter): Name = "Coil Voltage"; Value = "5 V"; VariantName = "[No Variations]"
Change component parameters (AddParameter): Name = "ComponentLink1Description"; Value = "Manufacturer URL"; VariantName = "[No Variations]"
Change component parameters (AddParameter): Name = "ComponentLink1URL"; Value = "http://www3.panasonic.biz/ac/ae/index.jsp"; VariantName = "[No Variations]"
Change component parameters (AddParameter): Name = "ComponentLink2Description"; Value = "Datasheet"; VariantName = "[No Variations]"
Change component parameters (AddParameter): Name = "ComponentLink2URL"; Value = "http://www3.panasonic.biz/ac/e_download/control/relay/power/catalog/mech_eng_lq.pdf?f_cd=401220"; VariantName = "[No Variations]"
Change component parameters (AddParameter): Name = "ComponentLink3Description"; Value = "Package Specification"; VariantName = "[No Variations]"
Change component parameters (AddParameter): Name = "ComponentLink3URL"; Value = "http://www3.panasonic.biz/ac/e_download/control/relay/power/catalog/mech_eng_lq.pdf?f_cd=401220"; VariantName = "[No Variations]"
Change component parameters (AddParameter): Name = "DatasheetVersion"; Value = "201410-T"; VariantName = "[No Variations]"
Change component parameters (AddParameter): Name = "Electrical Life"; Value = "5x10^4"; VariantName = "[No Variations]"
Change component parameters (AddParameter): Name = "Manufacturer"; Value = "Panasonic"; VariantName = "[No Variations]"
Change component parameters (AddParameter): Name = "Max Switching Current"; Value = "10 A (N.O.), 3 A (N.C.)"; VariantName = "[No Variations]"
Change component parameters (AddParameter): Name = "Max Switching Voltage"; Value = "250 V AC"; VariantName = "[No Variations]"
Change component parameters (AddParameter): Name = "Mechanical Life(Min.operation)"; Value = "1x10^7"; VariantName = "[No Variations]"
Change component parameters (AddParameter): Name = "Mounting Technology"; Value = "Through Hole"; VariantName = "[No Variations]"
Change component parameters (AddParameter): Name = "Nominal Operating Power"; Value = "200 mW"; VariantName = "[No Variations]"
Change component parameters (AddParameter): Name = "PackageDescription"; Value = "4-Pin Through Hole Terminal Package, Body 20 x 10 mm"; VariantName = "[No Variations]"
Change component parameters (AddParameter): Name = "PackageReference"; Value = "LQ-4-2000x1000x1600"; VariantName = "[No Variations]"
Change component parameters (AddParameter): Name = "PackageVersion"; Value = "ASCTB92E, 10/2014"; VariantName = "[No Variations]"
Change component parameters (AddParameter): Name = "Packing"; Value = "Carton, Case"; VariantName = "[No Variations]"
Change component parameters (AddParameter): Name = "PartNumber"; Value = "ALQ305"; VariantName = "[No Variations]"
Change component parameters (AddParameter): Name = "Pb-Free"; Value = "True"; VariantName = "[No Variations]"
Change component parameters (AddParameter): Name = "RoHS"; Value = "True"; VariantName = "[No Variations]"
Change component parameters (AddParameter): Name = "Series"; Value = "LQ Relays"; VariantName = "[No Variations]"
Change component parameters: Designator = "K4"; Footprint = "PNSC-LQ-4-2000x1000x1600_V"; UniqueID = "\FHEJSXQW\JLRTAZYU"
Change component parameters. Clean all parameters for all variants
Change component parameters (AddParameter): Name = "Coil Voltage"; Value = "5 V"; VariantName = "[No Variations]"
Change component parameters (AddParameter): Name = "ComponentLink1Description"; Value = "Manufacturer URL"; VariantName = "[No Variations]"
Change component parameters (AddParameter): Name = "ComponentLink1URL"; Value = "http://www3.panasonic.biz/ac/ae/index.jsp"; VariantName = "[No Variations]"
Change component parameters (AddParameter): Name = "ComponentLink2Description"; Value = "Datasheet"; VariantName = "[No Variations]"
Change component parameters (AddParameter): Name = "ComponentLink2URL"; Value = "http://www3.panasonic.biz/ac/e_download/control/relay/power/catalog/mech_eng_lq.pdf?f_cd=401220"; VariantName = "[No Variations]"
Change component parameters (AddParameter): Name = "ComponentLink3Description"; Value = "Package Specification"; VariantName = "[No Variations]"
Change component parameters (AddParameter): Name = "ComponentLink3URL"; Value = "http://www3.panasonic.biz/ac/e_download/control/relay/power/catalog/mech_eng_lq.pdf?f_cd=401220"; VariantName = "[No Variations]"
Change component parameters (AddParameter): Name = "DatasheetVersion"; Value = "201410-T"; VariantName = "[No Variations]"
Change component parameters (AddParameter): Name = "Electrical Life"; Value = "5x10^4"; VariantName = "[No Variations]"
Change component parameters (AddParameter): Name = "Manufacturer"; Value = "Panasonic"; VariantName = "[No Variations]"
Change component parameters (AddParameter): Name = "Max Switching Current"; Value = "10 A (N.O.), 3 A (N.C.)"; VariantName = "[No Variations]"
Change component parameters (AddParameter): Name = "Max Switching Voltage"; Value = "250 V AC"; VariantName = "[No Variations]"
Change component parameters (AddParameter): Name = "Mechanical Life(Min.operation)"; Value = "1x10^7"; VariantName = "[No Variations]"
Change component parameters (AddParameter): Name = "Mounting Technology"; Value = "Through Hole"; VariantName = "[No Variations]"
Change component parameters (AddParameter): Name = "Nominal Operating Power"; Value = "200 mW"; VariantName = "[No Variations]"
Change component parameters (AddParameter): Name = "PackageDescription"; Value = "4-Pin Through Hole Terminal Package, Body 20 x 10 mm"; VariantName = "[No Variations]"
Change component parameters (AddParameter): Name = "PackageReference"; Value = "LQ-4-2000x1000x1600"; VariantName = "[No Variations]"
Change component parameters (AddParameter): Name = "PackageVersion"; Value = "ASCTB92E, 10/2014"; VariantName = "[No Variations]"
Change component parameters (AddParameter): Name = "Packing"; Value = "Carton, Case"; VariantName = "[No Variations]"
Change component parameters (AddParameter): Name = "PartNumber"; Value = "ALQ305"; VariantName = "[No Variations]"
Change component parameters (AddParameter): Name = "Pb-Free"; Value = "True"; VariantName = "[No Variations]"
Change component parameters (AddParameter): Name = "RoHS"; Value = "True"; VariantName = "[No Variations]"
Change component parameters (AddParameter): Name = "Series"; Value = "LQ Relays"; VariantName = "[No Variations]"
Change component parameters: Designator = "K5"; Footprint = "PNSC-LQ-4-2000x1000x1600_V"; UniqueID = "\FHEJSXQW\GTZXTNFQ"
Change component parameters. Clean all parameters for all variants
Change component parameters (AddParameter): Name = "Coil Voltage"; Value = "5 V"; VariantName = "[No Variations]"
Change component parameters (AddParameter): Name = "ComponentLink1Description"; Value = "Manufacturer URL"; VariantName = "[No Variations]"
Change component parameters (AddParameter): Name = "ComponentLink1URL"; Value = "http://www3.panasonic.biz/ac/ae/index.jsp"; VariantName = "[No Variations]"
Change component parameters (AddParameter): Name = "ComponentLink2Description"; Value = "Datasheet"; VariantName = "[No Variations]"
Change component parameters (AddParameter): Name = "ComponentLink2URL"; Value = "http://www3.panasonic.biz/ac/e_download/control/relay/power/catalog/mech_eng_lq.pdf?f_cd=401220"; VariantName = "[No Variations]"
Change component parameters (AddParameter): Name = "ComponentLink3Description"; Value = "Package Specification"; VariantName = "[No Variations]"
Change component parameters (AddParameter): Name = "ComponentLink3URL"; Value = "http://www3.panasonic.biz/ac/e_download/control/relay/power/catalog/mech_eng_lq.pdf?f_cd=401220"; VariantName = "[No Variations]"
Change component parameters (AddParameter): Name = "DatasheetVersion"; Value = "201410-T"; VariantName = "[No Variations]"
Change component parameters (AddParameter): Name = "Electrical Life"; Value = "5x10^4"; VariantName = "[No Variations]"
Change component parameters (AddParameter): Name = "Manufacturer"; Value = "Panasonic"; VariantName = "[No Variations]"
Change component parameters (AddParameter): Name = "Max Switching Current"; Value = "10 A (N.O.), 3 A (N.C.)"; VariantName = "[No Variations]"
Change component parameters (AddParameter): Name = "Max Switching Voltage"; Value = "250 V AC"; VariantName = "[No Variations]"
Change component parameters (AddParameter): Name = "Mechanical Life(Min.operation)"; Value = "1x10^7"; VariantName = "[No Variations]"
Change component parameters (AddParameter): Name = "Mounting Technology"; Value = "Through Hole"; VariantName = "[No Variations]"
Change component parameters (AddParameter): Name = "Nominal Operating Power"; Value = "200 mW"; VariantName = "[No Variations]"
Change component parameters (AddParameter): Name = "PackageDescription"; Value = "4-Pin Through Hole Terminal Package, Body 20 x 10 mm"; VariantName = "[No Variations]"
Change component parameters (AddParameter): Name = "PackageReference"; Value = "LQ-4-2000x1000x1600"; VariantName = "[No Variations]"
Change component parameters (AddParameter): Name = "PackageVersion"; Value = "ASCTB92E, 10/2014"; VariantName = "[No Variations]"
Change component parameters (AddParameter): Name = "Packing"; Value = "Carton, Case"; VariantName = "[No Variations]"
Change component parameters (AddParameter): Name = "PartNumber"; Value = "ALQ305"; VariantName = "[No Variations]"
Change component parameters (AddParameter): Name = "Pb-Free"; Value = "True"; VariantName = "[No Variations]"
Change component parameters (AddParameter): Name = "RoHS"; Value = "True"; VariantName = "[No Variations]"
Change component parameters (AddParameter): Name = "Series"; Value = "LQ Relays"; VariantName = "[No Variations]"
Change component parameters: Designator = "K6"; Footprint = "PNSC-LQ-4-2000x1000x1600_V"; UniqueID = "\FHEJSXQW\XRRGPNLK"
Change component parameters. Clean all parameters for all variants
Change component parameters (AddParameter): Name = "Coil Voltage"; Value = "5 V"; VariantName = "[No Variations]"
Change component parameters (AddParameter): Name = "ComponentLink1Description"; Value = "Manufacturer URL"; VariantName = "[No Variations]"
Change component parameters (AddParameter): Name = "ComponentLink1URL"; Value = "http://www3.panasonic.biz/ac/ae/index.jsp"; VariantName = "[No Variations]"
Change component parameters (AddParameter): Name = "ComponentLink2Description"; Value = "Datasheet"; VariantName = "[No Variations]"
Change component parameters (AddParameter): Name = "ComponentLink2URL"; Value = "http://www3.panasonic.biz/ac/e_download/control/relay/power/catalog/mech_eng_lq.pdf?f_cd=401220"; VariantName = "[No Variations]"
Change component parameters (AddParameter): Name = "ComponentLink3Description"; Value = "Package Specification"; VariantName = "[No Variations]"
Change component parameters (AddParameter): Name = "ComponentLink3URL"; Value = "http://www3.panasonic.biz/ac/e_download/control/relay/power/catalog/mech_eng_lq.pdf?f_cd=401220"; VariantName = "[No Variations]"
Change component parameters (AddParameter): Name = "DatasheetVersion"; Value = "201410-T"; VariantName = "[No Variations]"
Change component parameters (AddParameter): Name = "Electrical Life"; Value = "5x10^4"; VariantName = "[No Variations]"
Change component parameters (AddParameter): Name = "Manufacturer"; Value = "Panasonic"; VariantName = "[No Variations]"
Change component parameters (AddParameter): Name = "Max Switching Current"; Value = "10 A (N.O.), 3 A (N.C.)"; VariantName = "[No Variations]"
Change component parameters (AddParameter): Name = "Max Switching Voltage"; Value = "250 V AC"; VariantName = "[No Variations]"
Change component parameters (AddParameter): Name = "Mechanical Life(Min.operation)"; Value = "1x10^7"; VariantName = "[No Variations]"
Change component parameters (AddParameter): Name = "Mounting Technology"; Value = "Through Hole"; VariantName = "[No Variations]"
Change component parameters (AddParameter): Name = "Nominal Operating Power"; Value = "200 mW"; VariantName = "[No Variations]"
Change component parameters (AddParameter): Name = "PackageDescription"; Value = "4-Pin Through Hole Terminal Package, Body 20 x 10 mm"; VariantName = "[No Variations]"
Change component parameters (AddParameter): Name = "PackageReference"; Value = "LQ-4-2000x1000x1600"; VariantName = "[No Variations]"
Change component parameters (AddParameter): Name = "PackageVersion"; Value = "ASCTB92E, 10/2014"; VariantName = "[No Variations]"
Change component parameters (AddParameter): Name = "Packing"; Value = "Carton, Case"; VariantName = "[No Variations]"
Change component parameters (AddParameter): Name = "PartNumber"; Value = "ALQ305"; VariantName = "[No Variations]"
Change component parameters (AddParameter): Name = "Pb-Free"; Value = "True"; VariantName = "[No Variations]"
Change component parameters (AddParameter): Name = "RoHS"; Value = "True"; VariantName = "[No Variations]"
Change component parameters (AddParameter): Name = "Series"; Value = "LQ Relays"; VariantName = "[No Variations]"
Added Pin To Net: NetName=+5 Pin=K1-1
Added Pin To Net: NetName=NetD1_1 Pin=K1-4
Added Pin To Net: NetName=+5 Pin=K2-1
Added Pin To Net: NetName=NetD3_1 Pin=K2-4
Added Pin To Net: NetName=+5 Pin=K3-1
Added Pin To Net: NetName=NetD5_1 Pin=K3-4
Added Pin To Net: NetName=+5 Pin=K4-1
Added Pin To Net: NetName=NetD7_1 Pin=K4-4
Added Pin To Net: NetName=+5 Pin=K6-1
Added Pin To Net: NetName=NetD11_1 Pin=K6-4
Added Pin To Net: NetName=NetK1_2 Pin=P3-1
Added Pin To Net: NetName=NetK1_3 Pin=P3-2
Added Pin To Net: NetName=NetK2_2 Pin=P4-1
Added Pin To Net: NetName=NetK2_3 Pin=P4-2
Added Pin To Net: NetName=NetK3_2 Pin=P5-1
Added Pin To Net: NetName=NetK3_3 Pin=P5-2
Added Pin To Net: NetName=NetK4_2 Pin=P6-1
Added Pin To Net: NetName=NetK4_3 Pin=P6-2
Added Pin To Net: NetName=NetK6_2 Pin=P8-1
Added Pin To Net: NetName=NetK6_3 Pin=P8-2
Change Rule Scope 1 : Old Scope=InNet('NetK1_2') New Scope=InNet('NetK1_3')
Change Rule Scope 1 : Old Scope=InNet('NetK1_3') New Scope=InNet('NetK1_2')
Change Rule Scope 1 : Old Scope=InNet('NetK2_2') New Scope=InNet('NetK2_3')
Change Rule Scope 1 : Old Scope=InNet('NetK2_3') New Scope=InNet('NetK2_2')
Change Rule Scope 1 : Old Scope=InNet('NetK3_2') New Scope=InNet('NetK3_3')
Change Rule Scope 1 : Old Scope=InNet('NetK3_3') New Scope=InNet('NetK3_2')
Change Rule Scope 1 : Old Scope=InNet('NetK4_2') New Scope=InNet('NetK4_3')
Change Rule Scope 1 : Old Scope=InNet('NetK4_3') New Scope=InNet('NetK4_2')
Change Rule Scope 1 : Old Scope=InNet('NetK6_2') New Scope=InNet('NetK6_3')
Change Rule Scope 1 : Old Scope=InNet('NetK6_3') New Scope=InNet('NetK6_2')
